生成启动时间为 2016/1/21 14:55:35。
     1>项目“D:\VTK\Examples\Chap09\MFC\vtkSDICmake\vtkSDI.vcxproj”在节点 2 上(build 个目标)。
     1>InitializeBuildStatus:
         正在创建“vtkSDI.dir\Debug\vtkSDI.unsuccessfulbuild”，因为已指定“AlwaysCreate”。
       CustomBuild:
         所有输出均为最新。
       ClCompile:
         d:\VS2010\VC\bin\CL.exe /c /I"D:\VTK\VTK-5.10-bin" /I"D:\VTK\VTK-5.10-bin\Common" /I"D:\VTK\VTK-5.10-bin\Utilities" /I"D:\VTK\VTK-5.10-bin\VolumeRendering" /I"D:\VTK\VTK-5.10-bin\Rendering" /I"D:\VTK\VTK-5.10-bin\Charts" /I"D:\VTK\VTK-5.10-bin\Chemistry" /I"D:\VTK\VTK-5.10-bin\GUISupport\MFC" /I"D:\VTK\VTK-5.10-bin\Utilities\vtkalglib" /I"D:\VTK\VTK-5.10-src\VTK5.10.1\Infovis" /I"D:\VTK\VTK-5.10-src\VTK5.10.1\Geovis" /I"D:\VTK\VTK-5.10-src\VTK5.10.1\Views" /I"D:\VTK\VTK-5.10-src\VTK5.10.1\VolumeRendering" /I"D:\VTK\VTK-5.10-src\VTK5.10.1\Hybrid" /I"D:\VTK\VTK-5.10-src\VTK5.10.1\Widgets" /I"D:\VTK\VTK-5.10-src\VTK5.10.1\Rendering" /I"D:\VTK\VTK-5.10-src\VTK5.10.1\Charts" /I"D:\VTK\VTK-5.10-src\VTK5.10.1\Chemistry" /I"D:\VTK\VTK-5.10-src\VTK5.10.1\Rendering\Testing\Cxx" /I"D:\VTK\VTK-5.10-src\VTK5.10.1\IO" /I"D:\VTK\VTK-5.10-src\VTK5.10.1\Imaging" /I"D:\VTK\VTK-5.10-src\VTK5.10.1\Graphics" /I"D:\VTK\VTK-5.10-src\VTK5.10.1\GenericFiltering" /I"D:\VTK\VTK-5.10-src\VTK5.10.1\Filtering" /I"D:\VTK\VTK-5.10-src\VTK5.10.1\Common" /I"D:\VTK\VTK-5.10-src\VTK5.10.1\Utilities" /I"D:\VTK\VTK-5.10-src\VTK5.10.1\Common\Testing\Cxx" /I"D:\VTK\VTK-5.10-bin\Utilities\vtknetcdf" /I"D:\VTK\VTK-5.10-src\VTK5.10.1\Utilities\vtknetcdf" /I"D:\VTK\VTK-5.10-src\VTK5.10.1\Utilities\vtknetcdf\include" /I"D:\VTK\VTK-5.10-bin\Utilities\vtklibproj4" /I"D:\VTK\VTK-5.10-src\VTK5.10.1\Utilities\vtklibproj4" /I"D:\VTK\VTK-5.10-bin\Utilities\DICOMParser" /I"D:\VTK\VTK-5.10-src\VTK5.10.1\Utilities\DICOMParser" /I"D:\VTK\VTK-5.10-bin\Utilities\vtkfreetype\include" /I"D:\VTK\VTK-5.10-src\VTK5.10.1\Utilities\vtkfreetype\include" /I"D:\VTK\VTK-5.10-bin\Utilities\LSDyna" /I"D:\VTK\VTK-5.10-src\VTK5.10.1\Utilities\LSDyna" /I"D:\VTK\VTK-5.10-bin\Utilities\MaterialLibrary" /I"D:\VTK\VTK-5.10-src\VTK5.10.1\Utilities\MaterialLibrary" /I"D:\VTK\VTK-5.10-bin\Utilities\vtkmetaio" /I"D:\VTK\VTK-5.10-src\VTK5.10.1\Utilities\vtkmetaio" /I"D:\VTK\VTK-5.10-bin\Utilities\verdict" /I"D:\VTK\VTK-5.10-src\VTK5.10.1\Utilities\verdict" /I"D:\VTK\VTK-5.10-bin\Utilities\vtkhdf5" /I"D:\VTK\VTK-5.10-src\VTK5.10.1\Utilities\vtkhdf5" /I"D:\VTK\VTK-5.10-bin\Utilities\vtkhdf5\src" /I"D:\VTK\VTK-5.10-src\VTK5.10.1\Utilities\vtkhdf5\src" /I"D:\VTK\VTK-5.10-bin\Utilities\vtkhdf5\hl\src" /I"D:\VTK\VTK-5.10-src\VTK5.10.1\Utilities\vtkhdf5\hl\src" /I"D:\VTK\VTK-5.10-src\VTK5.10.1\Utilities\utf8\source" /I"D:\VTK\VTK-5.10-src\VTK5.10.1\GUISupport\Qt" /I"D:\VTK\VTK-5.10-bin\GUISupport\Qt" /I"D:\VTK\VTK-5.10-src\VTK5.10.1\GUISupport\Qt\Chart" /I"D:\VTK\VTK-5.10-bin\GUISupport\Qt\Chart" /I"D:\VTK\VTK-5.10-src\VTK5.10.1\GUISupport\MFC" /I"D:\VTK\VTK-5.10-src\VTK5.10.1\Utilities\vtkalglib" /Zi /nologo /W3 /WX- /Od /Ob0 /Oy- /D WIN32 /D _WINDOWS /D _DEBUG /D _AFXDLL /D "CMAKE_INTDIR=\"Debug\"" /D _MBCS /D _AFXDLL /Gm- /EHsc /RTC1 /MDd /GS /fp:precise /Zc:wchar_t /Zc:forScope /GR /Fo"vtkSDI.dir\Debug\\" /Fd"vtkSDI.dir\Debug\vc100.pdb" /Gd /TP /analyze- /errorReport:prompt ..\Cmake\vtkSDI.cpp ..\Cmake\vtkSDIDoc.cpp ..\Cmake\vtkSDIView.cpp
         vtkSDI.cpp
         vtkSDIDoc.cpp
         vtkSDIView.cpp
         正在生成代码...
       ResourceCompile:
         所有输出均为最新。
       ManifestResourceCompile:
         所有输出均为最新。
       Link:
         d:\VS2010\VC\bin\link.exe /ERRORREPORT:PROMPT /OUT:"D:\VTK\Examples\Chap09\MFC\vtkSDICmake\Debug\vtkSDI.exe" /INCREMENTAL /NOLOGO kernel32.lib user32.lib gdi32.lib winspool.lib shell32.lib ole32.lib oleaut32.lib uuid.lib comdlg32.lib advapi32.lib "D:\VTK\VTK-5.10-bin\bin\Debug\vtkMFC.lib" "D:\VTK\VTK-5.10-bin\bin\Debug\vtkHybrid.lib" DelayImp.lib "D:\VTK\VTK-5.10-bin\bin\Debug\vtkRendering.lib" "D:\VTK\VTK-5.10-bin\bin\Debug\vtkIO.lib" "D:\VTK\VTK-5.10-bin\bin\Debug\vtkGraphics.lib" "D:\VTK\VTK-5.10-bin\bin\Debug\vtkImaging.lib" "D:\VTK\VTK-5.10-bin\bin\Debug\vtkFiltering.lib" "D:\VTK\VTK-5.10-bin\bin\Debug\vtkCommon.lib" "D:\VTK\VTK-5.10-bin\bin\Debug\vtksys.lib" ws2_32.lib Delayimp.lib /DELAYLOAD:vtkMFC.dll /DELAYLOAD:vtkIO.dll /DELAYLOAD:vtkRendering.dll /DELAYLOAD:vtkGraphics.dll /DELAYLOAD:vtkHybrid.dll /DELAYLOAD:vtkFiltering.dll /DELAYLOAD:vtkCommon.dll /DELAYLOAD:vtkImaging.dll /MANIFEST /ManifestFile:"vtkSDI.dir\Debug\vtkSDI.exe.intermediate.manifest" /MANIFESTUAC:"level='asInvoker' uiAccess='false'" /DEBUG /PDB:"D:/VTK/Examples/Chap09/MFC/vtkSDICmake/Debug/vtkSDI.pdb" /SUBSYSTEM:WINDOWS /TLBID:1 /DYNAMICBASE /NXCOMPAT /IMPLIB:"D:/VTK/Examples/Chap09/MFC/vtkSDICmake/Debug/vtkSDI.lib" /MACHINE:X86 vtkSDI.dir\Debug\vtkSDI.res
         vtkSDI.dir\Debug\vtkSDI.exe.embed.manifest.res
         vtkSDI.dir\Debug\MainFrm.obj
         vtkSDI.dir\Debug\stdafx.obj
         vtkSDI.dir\Debug\vtkSDI.obj
         vtkSDI.dir\Debug\vtkSDIDoc.obj
         vtkSDI.dir\Debug\vtkSDIView.obj
         vtkSDI.dir\Debug\ResampleDialog.obj  /machine:X86 /debug 
       Manifest:
         C:\Program Files (x86)\Microsoft SDKs\Windows\v7.0A\bin\mt.exe /nologo /verbose /out:"vtkSDI.dir\Debug\vtkSDI.exe.embed.manifest" /manifest vtkSDI.dir\Debug\vtkSDI.exe.intermediate.manifest d:\VS2010\VC\Include\Manifest\dpiaware.manifest
         所有输出均为最新。
       LinkEmbedManifest:
         所有输出均为最新。
         vtkSDI.vcxproj -> D:\VTK\Examples\Chap09\MFC\vtkSDICmake\Debug\vtkSDI.exe
       FinalizeBuildStatus:
         正在删除文件“vtkSDI.dir\Debug\vtkSDI.unsuccessfulbuild”。
         正在对“vtkSDI.dir\Debug\vtkSDI.lastbuildstate”执行 Touch 任务。
     1>已完成生成项目“D:\VTK\Examples\Chap09\MFC\vtkSDICmake\vtkSDI.vcxproj”(build 个目标)的操作。

生成成功。

已用时间 00:00:06.91
